<?xml version="1.0" encoding="UTF-8"?>
<!-- Generated by org.testng.reporters.JUnitXMLReporter -->
<testsuite ignored="1" hostname="LAPTOP-KB5AQG8N" failures="0" tests="1" name="Test" time="0.028" errors="0" timestamp="2022-05-09T17:14:03 IST">
  <testcase classname="MavenExample.ReadingDataFromCommandLineTest" name="regressionTest" time="0.005"/>
  <testcase classname="MavenExample.ReadingDataFromCommandLineTest" name="readingdatafromtest" time="0.0">
    <ignored/>
  </testcase> <!-- readingdatafromtest -->
</testsuite> <!-- Test -->
