<?xml version="1.0" encoding="UTF-8"?>
<testng-results ignored="1" total="2" passed="1" failed="0" skipped="0">
  <reporter-output>
  </reporter-output>
  <suite started-at="2022-05-09T17:14:03 IST" name="Suite" finished-at="2022-05-09T17:14:03 IST" duration-ms="28">
    <groups>
      <group name="regression">
        <method signature="ReadingDataFromCommandLineTest.regressionTest()[pri:0, instance:MavenExample.ReadingDataFromCommandLineTest@6cd28fa7]" name="regressionTest" class="MavenExample.ReadingDataFromCommandLineTest"/>
      </group> <!-- regression -->
    </groups>
    <test started-at="2022-05-09T17:14:03 IST" name="Test" finished-at="2022-05-09T17:14:03 IST" duration-ms="28">
      <class name="MavenExample.ReadingDataFromCommandLineTest">
        <test-method signature="regressionTest()[pri:0, instance:MavenExample.ReadingDataFromCommandLineTest@6cd28fa7]" started-at="2022-05-09T17:14:03 IST" name="regressionTest" finished-at="2022-05-09T17:14:03 IST" duration-ms="5" status="PASS">
          <reporter-output>
          </reporter-output>
        </test-method> <!-- regressionTest -->
      </class> <!-- MavenExample.ReadingDataFromCommandLineTest -->
    </test> <!-- Test -->
  </suite> <!-- Suite -->
</testng-results>
